f:\directx\3dprojekt_final_0.1\directxtk\bin\desktop_2013\x64\debug\directxtk.pch
f:\directx\3dprojekt_final_0.1\directxtk\bin\desktop_2013\x64\debug\directxtk.pdb
f:\directx\3dprojekt_final_0.1\directxtk\bin\desktop_2013\x64\debug\directxtk.idb
f:\directx\3dprojekt_final_0.1\directxtk\bin\desktop_2013\x64\debug\pch.obj
f:\directx\3dprojekt_final_0.1\directxtk\bin\desktop_2013\x64\debug\dgsleffectfactory.obj
f:\directx\3dprojekt_final_0.1\directxtk\bin\desktop_2013\x64\debug\dualtextureeffect.obj
f:\directx\3dprojekt_final_0.1\directxtk\bin\desktop_2013\x64\debug\binaryreader.obj
f:\directx\3dprojekt_final_0.1\directxtk\bin\desktop_2013\x64\debug\effectcommon.obj
f:\directx\3dprojekt_final_0.1\directxtk\bin\desktop_2013\x64\debug\effectfactory.obj
f:\directx\3dprojekt_final_0.1\directxtk\bin\desktop_2013\x64\debug\environmentmapeffect.obj
f:\directx\3dprojekt_final_0.1\directxtk\bin\desktop_2013\x64\debug\gamepad.obj
f:\directx\3dprojekt_final_0.1\directxtk\bin\desktop_2013\x64\debug\geometricprimitive.obj
f:\directx\3dprojekt_final_0.1\directxtk\bin\desktop_2013\x64\debug\model.obj
f:\directx\3dprojekt_final_0.1\directxtk\bin\desktop_2013\x64\debug\modelloadcmo.obj
f:\directx\3dprojekt_final_0.1\directxtk\bin\desktop_2013\x64\debug\modelloadsdkmesh.obj
f:\directx\3dprojekt_final_0.1\directxtk\bin\desktop_2013\x64\debug\modelloadvbo.obj
f:\directx\3dprojekt_final_0.1\directxtk\bin\desktop_2013\x64\debug\screengrab.obj
f:\directx\3dprojekt_final_0.1\directxtk\bin\desktop_2013\x64\debug\simplemath.obj
f:\directx\3dprojekt_final_0.1\directxtk\bin\desktop_2013\x64\debug\skinnedeffect.obj
f:\directx\3dprojekt_final_0.1\directxtk\bin\desktop_2013\x64\debug\spritebatch.obj
f:\directx\3dprojekt_final_0.1\directxtk\bin\desktop_2013\x64\debug\primitivebatch.obj
f:\directx\3dprojekt_final_0.1\directxtk\bin\desktop_2013\x64\debug\spritefont.obj
f:\directx\3dprojekt_final_0.1\directxtk\bin\desktop_2013\x64\debug\vertextypes.obj
f:\directx\3dprojekt_final_0.1\directxtk\bin\desktop_2013\x64\debug\wictextureloader.obj
f:\directx\3dprojekt_final_0.1\directxtk\bin\desktop_2013\x64\debug\alphatesteffect.obj
f:\directx\3dprojekt_final_0.1\directxtk\bin\desktop_2013\x64\debug\basiceffect.obj
f:\directx\3dprojekt_final_0.1\directxtk\bin\desktop_2013\x64\debug\commonstates.obj
f:\directx\3dprojekt_final_0.1\directxtk\bin\desktop_2013\x64\debug\ddstextureloader.obj
f:\directx\3dprojekt_final_0.1\directxtk\bin\desktop_2013\x64\debug\dgsleffect.obj
f:\directx\3dprojekt_final_0.1\directxtk\bin\desktop_2013\x64\debug\directxtk.lib
f:\directx\3dprojekt_final_0.1\directxtk\bin\desktop_2013\x64\debug\directxt.e0b52ae7.tlog\cl.command.1.tlog
f:\directx\3dprojekt_final_0.1\directxtk\bin\desktop_2013\x64\debug\directxt.e0b52ae7.tlog\cl.read.1.tlog
f:\directx\3dprojekt_final_0.1\directxtk\bin\desktop_2013\x64\debug\directxt.e0b52ae7.tlog\cl.write.1.tlog
f:\directx\3dprojekt_final_0.1\directxtk\bin\desktop_2013\x64\debug\directxt.e0b52ae7.tlog\lib-link.read.1.tlog
f:\directx\3dprojekt_final_0.1\directxtk\bin\desktop_2013\x64\debug\directxt.e0b52ae7.tlog\lib-link.write.1.tlog
f:\directx\3dprojekt_final_0.1\directxtk\bin\desktop_2013\x64\debug\directxt.e0b52ae7.tlog\lib.command.1.tlog
