f:\directx\3dprojekt_final_0.1\renderenginge_1.2\renderenginge_1.2\x64\debug\vc120.pdb
f:\directx\3dprojekt_final_0.1\renderenginge_1.2\renderenginge_1.2\x64\debug\vc120.idb
f:\directx\3dprojekt_final_0.1\renderenginge_1.2\renderenginge_1.2\x64\debug\binimporter.obj
f:\directx\3dprojekt_final_0.1\renderenginge_1.2\renderenginge_1.2\x64\debug\cam.obj
f:\directx\3dprojekt_final_0.1\renderenginge_1.2\renderenginge_1.2\x64\debug\gametimer.obj
f:\directx\3dprojekt_final_0.1\renderenginge_1.2\renderenginge_1.2\x64\debug\glow.obj
f:\directx\3dprojekt_final_0.1\renderenginge_1.2\renderenginge_1.2\x64\debug\heightmap.obj
f:\directx\3dprojekt_final_0.1\renderenginge_1.2\renderenginge_1.2\x64\debug\input.obj
f:\directx\3dprojekt_final_0.1\renderenginge_1.2\renderenginge_1.2\x64\debug\obj.obj
f:\directx\3dprojekt_final_0.1\renderenginge_1.2\renderenginge_1.2\x64\debug\quadtree.obj
f:\directx\3dprojekt_final_0.1\renderenginge_1.2\renderenginge_1.2\x64\debug\renderengine.obj
f:\directx\3dprojekt_final_0.1\renderenginge_1.2\renderenginge_1.2\x64\debug\shadowmap.obj
f:\directx\3dprojekt_final_0.1\renderenginge_1.2\renderenginge_1.2\x64\debug\winmain.obj
f:\directx\3dprojekt_final_0.1\renderenginge_1.2\renderenginge_1.2\x64\debug\defered.obj
f:\directx\3dprojekt_final_0.1\renderenginge_1.2\x64\debug\renderenginge_1.2.ilk
f:\directx\3dprojekt_final_0.1\renderenginge_1.2\x64\debug\renderenginge_1.2.exe
f:\directx\3dprojekt_final_0.1\renderenginge_1.2\x64\debug\renderenginge_1.2.pdb
f:\directx\3dprojekt_final_0.1\renderenginge_1.2\x64\debug\backfacegeometryshader.cso
f:\directx\3dprojekt_final_0.1\renderenginge_1.2\x64\debug\backfacegshader.cso
f:\directx\3dprojekt_final_0.1\renderenginge_1.2\x64\debug\deafultgs.cso
f:\directx\3dprojekt_final_0.1\renderenginge_1.2\x64\debug\deafultps.cso
f:\directx\3dprojekt_final_0.1\renderenginge_1.2\x64\debug\deafulttexgs.cso
f:\directx\3dprojekt_final_0.1\renderenginge_1.2\x64\debug\deafulttexvs.cso
f:\directx\3dprojekt_final_0.1\renderenginge_1.2\x64\debug\deafultvs.cso
f:\directx\3dprojekt_final_0.1\renderenginge_1.2\x64\debug\defaulttexps.cso
f:\directx\3dprojekt_final_0.1\renderenginge_1.2\x64\debug\deferedpixel.cso
f:\directx\3dprojekt_final_0.1\renderenginge_1.2\x64\debug\deferedvertex.cso
f:\directx\3dprojekt_final_0.1\renderenginge_1.2\x64\debug\depthps.cso
f:\directx\3dprojekt_final_0.1\renderenginge_1.2\x64\debug\depthvs.cso
f:\directx\3dprojekt_final_0.1\renderenginge_1.2\x64\debug\hitpixelshader.cso
f:\directx\3dprojekt_final_0.1\renderenginge_1.2\x64\debug\lighthelper.cso
f:\directx\3dprojekt_final_0.1\renderenginge_1.2\x64\debug\rgbsplatmapps.cso
f:\directx\3dprojekt_final_0.1\renderenginge_1.2\x64\debug\shadowps.cso
f:\directx\3dprojekt_final_0.1\renderenginge_1.2\x64\debug\shadowvs.cso
f:\directx\3dprojekt_final_0.1\renderenginge_1.2\x64\debug\wireframeps.cso
f:\directx\3dprojekt_final_0.1\renderenginge_1.2\x64\debug\wireframepscontainstest.cso
f:\directx\3dprojekt_final_0.1\renderenginge_1.2\x64\debug\wireframevs.cso
f:\directx\3dprojekt_final_0.1\renderenginge_1.2\renderenginge_1.2\x64\debug\renderen.755a13c4.tlog\cl.command.1.tlog
f:\directx\3dprojekt_final_0.1\renderenginge_1.2\renderenginge_1.2\x64\debug\renderen.755a13c4.tlog\cl.read.1.tlog
f:\directx\3dprojekt_final_0.1\renderenginge_1.2\renderenginge_1.2\x64\debug\renderen.755a13c4.tlog\cl.write.1.tlog
f:\directx\3dprojekt_final_0.1\renderenginge_1.2\renderenginge_1.2\x64\debug\renderen.755a13c4.tlog\link.command.1.tlog
f:\directx\3dprojekt_final_0.1\renderenginge_1.2\renderenginge_1.2\x64\debug\renderen.755a13c4.tlog\link.read.1.tlog
f:\directx\3dprojekt_final_0.1\renderenginge_1.2\renderenginge_1.2\x64\debug\renderen.755a13c4.tlog\link.write.1.tlog
f:\directx\3dprojekt_final_0.1\renderenginge_1.2\renderenginge_1.2\x64\debug\renderen.755a13c4.tlog\renderenginge_1.2.write.1u.tlog
