Build started 2015-08-05 11:46:41.
     1>Project "C:\Users\Simon\Downloads\Programmering\3DProjectFINAL\3DProjekt_FINAL_0.1\RenderEnginge_1.2\RenderEnginge_1.2\RenderEnginge_1.2.vcxproj" on node 2 (Rebuild target(s)).
     1>ClCompile:
         C:\Program Files (x86)\Microsoft Visual Studio 12.0\VC\bin\x86_amd64\CL.exe /c /IC:\Users\Simon\Downloads\Programmering\3DProjectFINAL\3DProjekt_FINAL_0.1\RenderEnginge_1.2\RenderEnginge_1.2\Headers /IF:\OSKAR\3DProjectet_1.2\RenderEnginge_1.2\RenderEnginge_1.2\Headers /IC:\OSKAR\3DProjectet_1.2\RenderEnginge_1.2\RenderEnginge_1.2\Headers /Zi /nologo /W3 /WX- /sdl /Od /D _MBCS /Gm /EHsc /RTC1 /MDd /GS /fp:precise /Zc:wchar_t /Zc:forScope /Fo"x64\Debug\\" /Fd"x64\Debug\vc120.pdb" /Gd /TP /errorReport:prompt BINimporter.cpp QuadTree.cpp Source\Cam.cpp Source\depthClass.cpp Source\GameTimer.cpp Source\HeightMap.cpp Source\Input.cpp Source\OBJ.cpp Source\RenderEngine.cpp Source\RenderToTexture.cpp Source\Winmain.cpp
         Winmain.cpp
     1>c:\users\simon\downloads\programmering\3dprojectfinal\3dprojekt_final_0.1\renderenginge_1.2\renderenginge_1.2\headers\GameObject.h(78): warning C4267: '=' : conversion from 'size_t' to 'UINT', possible loss of data
     1>c:\users\simon\downloads\programmering\3dprojectfinal\3dprojekt_final_0.1\renderenginge_1.2\renderenginge_1.2\headers\GameObject.h(135): warning C4305: 'argument' : truncation from 'double' to 'float'
     1>c:\users\simon\downloads\programmering\3dprojectfinal\3dprojekt_final_0.1\renderenginge_1.2\renderenginge_1.2\headers\GameObject.h(141): warning C4305: 'argument' : truncation from 'double' to 'float'
     1>C:\Users\Simon\Downloads\Programmering\3DProjectFINAL\3DProjekt_FINAL_0.1\RenderEnginge_1.2\RenderEnginge_1.2\Headers\RenderEngine.h(33): fatal error C1083: Cannot open include file: 'QuadTree.h': No such file or directory
         RenderToTexture.cpp
         RenderEngine.cpp
     1>c:\users\simon\downloads\programmering\3dprojectfinal\3dprojekt_final_0.1\renderenginge_1.2\renderenginge_1.2\headers\GameObject.h(78): warning C4267: '=' : conversion from 'size_t' to 'UINT', possible loss of data
     1>c:\users\simon\downloads\programmering\3dprojectfinal\3dprojekt_final_0.1\renderenginge_1.2\renderenginge_1.2\headers\GameObject.h(135): warning C4305: 'argument' : truncation from 'double' to 'float'
     1>c:\users\simon\downloads\programmering\3dprojectfinal\3dprojekt_final_0.1\renderenginge_1.2\renderenginge_1.2\headers\GameObject.h(141): warning C4305: 'argument' : truncation from 'double' to 'float'
     1>C:\Users\Simon\Downloads\Programmering\3DProjectFINAL\3DProjekt_FINAL_0.1\RenderEnginge_1.2\RenderEnginge_1.2\Headers\RenderEngine.h(33): fatal error C1083: Cannot open include file: 'QuadTree.h': No such file or directory
         OBJ.cpp
     1>Source\OBJ.cpp(138): warning C4267: '=' : conversion from 'size_t' to 'UINT', possible loss of data
     1>Source\OBJ.cpp(146): warning C4267: '=' : conversion from 'size_t' to 'UINT', possible loss of data
     1>Source\OBJ.cpp(195): warning C4056: overflow in floating-point constant arithmetic
         Input.cpp
         HeightMap.cpp
     1>Source\HeightMap.cpp(19): warning C4101: 'nChars' : unreferenced local variable
     1>Source\HeightMap.cpp(130): warning C4244: '=' : conversion from 'int' to 'float', possible loss of data
     1>Source\HeightMap.cpp(135): warning C4244: '=' : conversion from 'float' to 'int', possible loss of data
     1>Source\HeightMap.cpp(136): warning C4244: '=' : conversion from 'int' to 'float', possible loss of data
     1>Source\HeightMap.cpp(170): warning C4244: '=' : conversion from 'int' to 'float', possible loss of data
     1>Source\HeightMap.cpp(171): warning C4244: '=' : conversion from 'int' to 'float', possible loss of data
     1>Source\HeightMap.cpp(176): warning C4244: '=' : conversion from 'int' to 'float', possible loss of data
     1>Source\HeightMap.cpp(177): warning C4244: '=' : conversion from 'int' to 'float', possible loss of data
     1>Source\HeightMap.cpp(182): warning C4244: '=' : conversion from 'int' to 'float', possible loss of data
     1>Source\HeightMap.cpp(183): warning C4244: '=' : conversion from 'int' to 'float', possible loss of data
     1>Source\HeightMap.cpp(188): warning C4244: '=' : conversion from 'int' to 'float', possible loss of data
     1>Source\HeightMap.cpp(189): warning C4244: '=' : conversion from 'int' to 'float', possible loss of data
     1>Source\HeightMap.cpp(194): warning C4244: '=' : conversion from 'int' to 'float', possible loss of data
     1>Source\HeightMap.cpp(195): warning C4244: '=' : conversion from 'int' to 'float', possible loss of data
     1>Source\HeightMap.cpp(200): warning C4244: '=' : conversion from 'int' to 'float', possible loss of data
     1>Source\HeightMap.cpp(201): warning C4244: '=' : conversion from 'int' to 'float', possible loss of data
     1>Source\HeightMap.cpp(291): warning C4267: '=' : conversion from 'size_t' to 'UINT', possible loss of data
     1>Source\HeightMap.cpp(297): warning C4267: '=' : conversion from 'size_t' to 'UINT', possible loss of data
         GameTimer.cpp
         depthClass.cpp
     1>Source\depthClass.cpp(117): warning C4101: 'errorMessage' : unreferenced local variable
         Cam.cpp
     1>Source\Cam.cpp(10): warning C4305: 'argument' : truncation from 'double' to 'float'
         QuadTree.cpp
     1>C:\Users\Simon\Downloads\Programmering\3DProjectFINAL\3DProjekt_FINAL_0.1\RenderEnginge_1.2\RenderEnginge_1.2\Headers\GameObject.h(78): warning C4267: '=' : conversion from 'size_t' to 'UINT', possible loss of data
     1>C:\Users\Simon\Downloads\Programmering\3DProjectFINAL\3DProjekt_FINAL_0.1\RenderEnginge_1.2\RenderEnginge_1.2\Headers\GameObject.h(135): warning C4305: 'argument' : truncation from 'double' to 'float'
     1>C:\Users\Simon\Downloads\Programmering\3DProjectFINAL\3DProjekt_FINAL_0.1\RenderEnginge_1.2\RenderEnginge_1.2\Headers\GameObject.h(141): warning C4305: 'argument' : truncation from 'double' to 'float'
     1>c:\users\simon\downloads\programmering\3dprojectfinal\3dprojekt_final_0.1\renderenginge_1.2\renderenginge_1.2\QuadTree.h(50): warning C4267: '=' : conversion from 'size_t' to 'UINT', possible loss of data
     1>QuadTree.cpp(25): warning C4244: 'argument' : conversion from 'double' to 'float', possible loss of data
         BINimporter.cpp
     1>c:\users\simon\downloads\programmering\3dprojectfinal\3dprojekt_final_0.1\renderenginge_1.2\renderenginge_1.2\headers\GameObject.h(78): warning C4267: '=' : conversion from 'size_t' to 'UINT', possible loss of data
     1>c:\users\simon\downloads\programmering\3dprojectfinal\3dprojekt_final_0.1\renderenginge_1.2\renderenginge_1.2\headers\GameObject.h(135): warning C4305: 'argument' : truncation from 'double' to 'float'
     1>c:\users\simon\downloads\programmering\3dprojectfinal\3dprojekt_final_0.1\renderenginge_1.2\renderenginge_1.2\headers\GameObject.h(141): warning C4305: 'argument' : truncation from 'double' to 'float'
         Generating Code...
     1>c:\users\simon\downloads\programmering\3dprojectfinal\3dprojekt_final_0.1\renderenginge_1.2\renderenginge_1.2\source\obj.cpp(194): warning C4756: overflow in constant arithmetic
     1>c:\users\simon\downloads\programmering\3dprojectfinal\3dprojekt_final_0.1\renderenginge_1.2\renderenginge_1.2\source\obj.cpp(194): warning C4756: overflow in constant arithmetic
     1>c:\users\simon\downloads\programmering\3dprojectfinal\3dprojekt_final_0.1\renderenginge_1.2\renderenginge_1.2\source\obj.cpp(194): warning C4756: overflow in constant arithmetic
     1>c:\users\simon\downloads\programmering\3dprojectfinal\3dprojekt_final_0.1\renderenginge_1.2\renderenginge_1.2\source\obj.cpp(195): warning C4756: overflow in constant arithmetic
     1>c:\users\simon\downloads\programmering\3dprojectfinal\3dprojekt_final_0.1\renderenginge_1.2\renderenginge_1.2\source\obj.cpp(195): warning C4756: overflow in constant arithmetic
     1>c:\users\simon\downloads\programmering\3dprojectfinal\3dprojekt_final_0.1\renderenginge_1.2\renderenginge_1.2\source\obj.cpp(195): warning C4756: overflow in constant arithmetic
     1>c:\users\simon\downloads\programmering\3dprojectfinal\3dprojekt_final_0.1\renderenginge_1.2\renderenginge_1.2\source\obj.cpp(194): warning C4756: overflow in constant arithmetic
     1>c:\users\simon\downloads\programmering\3dprojectfinal\3dprojekt_final_0.1\renderenginge_1.2\renderenginge_1.2\source\obj.cpp(195): warning C4756: overflow in constant arithmetic
     1>Done Building Project "C:\Users\Simon\Downloads\Programmering\3DProjectFINAL\3DProjekt_FINAL_0.1\RenderEnginge_1.2\RenderEnginge_1.2\RenderEnginge_1.2.vcxproj" (Rebuild target(s)) -- FAILED.

Build FAILED.

Time Elapsed 00:00:17.47
